<?xml version="1.0" encoding="UTF-8"?>
<!-- Generated by org.testng.reporters.JUnitReportReporter -->
<testsuite hostname="LAPTOP-M52UB2C3" failures="0" tests="3" name="restassuredassignments.RestAssign7$Ass7" time="2.383" errors="0" timestamp="2021-08-26T18:30:55 IST" skipped="0">
  <testcase classname="restassuredassignments.RestAssign7$Ass7" name="sets_http_request" time="0.001"/>
  <system-out/>
  <testcase classname="restassuredassignments.RestAssign7$Ass7" name="print_the_response_in_the_console" time="1.728"/>
  <system-out/>
  <testcase classname="restassuredassignments.RestAssign7$Ass7" name="to_get_date_time" time="0.654"/>
  <system-out/>
</testsuite> <!-- restassuredassignments.RestAssign7$Ass7 -->
