<?xml version="1.0" encoding="UTF-8"?>
<!-- Generated by org.testng.reporters.JUnitReportReporter -->
<testsuite hostname="LAPTOP-M52UB2C3" failures="0" tests="2" name="parameterization.RestAssign8" time="0.011" errors="0" timestamp="2021-08-26T18:00:47 IST" skipped="0">
  <testcase classname="parameterization.RestAssign8" name="set_http_path" time="0.002"/>
  <system-out/>
  <testcase classname="parameterization.RestAssign8" name="generate_the_report" time="0.009"/>
  <system-out/>
</testsuite> <!-- parameterization.RestAssign8 -->
