<?xml version="1.0" encoding="UTF-8"?>
<!-- Generated by org.testng.reporters.JUnitReportReporter -->
<testsuite hostname="LAPTOP-M52UB2C3" failures="0" tests="1" name="restassuredassignments.demo" time="1.749" errors="0" timestamp="2021-08-26T18:27:58 IST" skipped="0">
  <testcase classname="restassuredassignments.demo" name="create_a_negative_assertion_scenario" time="1.749"/>
  <system-out/>
</testsuite> <!-- restassuredassignments.demo -->
