<?xml version="1.0" encoding="UTF-8"?>
<!-- Generated by org.testng.reporters.JUnitReportReporter -->
<testsuite hostname="LAPTOP-M52UB2C3" failures="0" tests="3" name="restassuredassignments.RestAssign6" time="2.613" errors="0" timestamp="2021-08-26T16:58:46 IST" skipped="0">
  <testcase classname="restassuredassignments.RestAssign6" name="print_the_negative_response_into_console" time="0.680"/>
  <system-out/>
  <testcase classname="restassuredassignments.RestAssign6" name="create_a_negative_assertion_scenario" time="1.933"/>
  <system-out/>
  <testcase classname="restassuredassignments.RestAssign6" name="set_https_request" time="0.000"/>
  <system-out/>
</testsuite> <!-- restassuredassignments.RestAssign6 -->
